<?xml version="1.0" encoding="UTF-8"?>
<!-- Generated by org.testng.reporters.JUnitXMLReporter -->
<testsuite ignored="0" hostname="Saifuls-MacBook-Pro.local" failures="0" tests="1" name="Chrome Test" time="0.087" errors="0" timestamp="2024-02-21T21:02:32 EST">
  <testcase classname="selenium.ActionsPractice" name="@BeforeTest validateTitle" time="-1.708567352012E9">
    <failure type="org.testng.TestNGException" message="
Method validateTitle requires 2 parameters but 1 were supplied in the BeforeTest annotation.">
      <![CDATA[org.testng.TestNGException: 
Method validateTitle requires 2 parameters but 1 were supplied in the BeforeTest annotation.
... Removed 21 stack frames]]>
    </failure>
  </testcase> <!-- @BeforeTest validateTitle -->
  <testcase classname="selenium.ActionsPractice" name="title" time="0.0">
    <skipped/>
  </testcase> <!-- title -->
</testsuite> <!-- Chrome Test -->
